  main.cpp
D:\MyFiles\TinyRenderer\TinyRenderer\TinyRenderer\main.cpp(1,1): warning C4819: 该文件包含不能在当前代码页(936)中表示的字符。请将该文件保存为 Unicode 格式以防止数据丢失
D:\MyFiles\TinyRenderer\TinyRenderer\TinyRenderer\model.h(1,1): warning C4819: 该文件包含不能在当前代码页(936)中表示的字符。请将该文件保存为 Unicode 格式以防止数据丢失
  (编译源文件“main.cpp”)
  
D:\MyFiles\TinyRenderer\TinyRenderer\TinyRenderer\main.cpp(56,19): warning C4244: “初始化”: 从“double”转换到“float”，可能丢失数据
D:\MyFiles\TinyRenderer\TinyRenderer\TinyRenderer\main.cpp(93,51): warning C4244: “参数”: 从“double”转换到“int”，可能丢失数据
D:\MyFiles\TinyRenderer\TinyRenderer\TinyRenderer\main.cpp(93,44): warning C4244: “参数”: 从“double”转换到“int”，可能丢失数据
D:\MyFiles\TinyRenderer\TinyRenderer\TinyRenderer\main.cpp(93,20): warning C4244: “参数”: 从“double”转换到“int”，可能丢失数据
D:\MyFiles\TinyRenderer\TinyRenderer\TinyRenderer\main.cpp(92,51): warning C4244: “参数”: 从“double”转换到“int”，可能丢失数据
D:\MyFiles\TinyRenderer\TinyRenderer\TinyRenderer\main.cpp(92,44): warning C4244: “参数”: 从“double”转换到“int”，可能丢失数据
D:\MyFiles\TinyRenderer\TinyRenderer\TinyRenderer\main.cpp(92,20): warning C4244: “参数”: 从“double”转换到“int”，可能丢失数据
D:\MyFiles\TinyRenderer\TinyRenderer\TinyRenderer\main.cpp(91,51): warning C4244: “参数”: 从“double”转换到“int”，可能丢失数据
D:\MyFiles\TinyRenderer\TinyRenderer\TinyRenderer\main.cpp(91,44): warning C4244: “参数”: 从“double”转换到“int”，可能丢失数据
D:\MyFiles\TinyRenderer\TinyRenderer\TinyRenderer\main.cpp(91,20): warning C4244: “参数”: 从“double”转换到“int”，可能丢失数据
  正在生成代码
  2 of 844 functions ( 0.2%) were compiled, the rest were copied from previous compilation.
    0 functions were new in current compilation
    2 functions had inline decision re-evaluated but remain unchanged
  已完成代码的生成
  TinyRenderer.vcxproj -> D:\MyFiles\TinyRenderer\TinyRenderer\x64\Release\TinyRenderer.exe
